<?xml version="1.0" encoding="UTF-8"?>
<coverage generated="1633803559333" clover="3.2.0">
  <project timestamp="1633803559333" name="All files">
    <metrics statements="57" coveredstatements="55" conditionals="27" coveredconditionals="22" methods="25" coveredmethods="24" elements="109" coveredelements="101" complexity="0" loc="57" ncloc="57" packages="1" files="2" classes="2"/>
    <file name="cartManager.js" path="C:\Users\cbouabd\Desktop\tech-interview\level2\cartManager.js">
      <metrics statements="38" coveredstatements="38" conditionals="21" coveredconditionals="18" methods="19" coveredmethods="18"/>
      <line num="2" count="1" type="cond" truecount="2" falsecount="1"/>
      <line num="3" count="79" type="cond" truecount="1" falsecount="1"/>
      <line num="4" count="42" type="cond" truecount="2" falsecount="0"/>
      <line num="5" count="69" type="stmt"/>
      <line num="6" count="10" type="stmt"/>
      <line num="7" count="111" type="cond" truecount="2" falsecount="0"/>
      <line num="8" count="42" type="cond" truecount="2" falsecount="0"/>
      <line num="11" count="1" type="stmt"/>
      <line num="12" count="1" type="stmt"/>
      <line num="17" count="1" type="stmt"/>
      <line num="18" count="27" type="stmt"/>
      <line num="19" count="69" type="stmt"/>
      <line num="20" count="27" type="cond" truecount="2" falsecount="0"/>
      <line num="21" count="6" type="stmt"/>
      <line num="23" count="21" type="stmt"/>
      <line num="26" count="1" type="stmt"/>
      <line num="27" count="1" type="stmt"/>
      <line num="28" count="16" type="stmt"/>
      <line num="29" count="16" type="stmt"/>
      <line num="30" count="28" type="stmt"/>
      <line num="35" count="28" type="cond" truecount="4" falsecount="0"/>
      <line num="37" count="16" type="cond" truecount="3" falsecount="1"/>
      <line num="40" count="1" type="stmt"/>
      <line num="41" count="19" type="stmt"/>
      <line num="42" count="19" type="stmt"/>
      <line num="43" count="19" type="stmt"/>
      <line num="44" count="19" type="stmt"/>
      <line num="45" count="15" type="stmt"/>
      <line num="48" count="1" type="stmt"/>
      <line num="49" count="4" type="stmt"/>
      <line num="50" count="4" type="stmt"/>
      <line num="51" count="4" type="stmt"/>
      <line num="52" count="4" type="stmt"/>
      <line num="53" count="12" type="stmt"/>
      <line num="54" count="10" type="stmt"/>
      <line num="55" count="10" type="stmt"/>
      <line num="60" count="2" type="stmt"/>
      <line num="62" count="1" type="stmt"/>
    </file>
    <file name="fileManager.js" path="C:\Users\cbouabd\Desktop\tech-interview\level2\fileManager.js">
      <metrics statements="19" coveredstatements="17" conditionals="6" coveredconditionals="4" methods="6" coveredmethods="6"/>
      <line num="2" count="1" type="stmt"/>
      <line num="3" count="1" type="stmt"/>
      <line num="4" count="1" type="stmt"/>
      <line num="5" count="1" type="stmt"/>
      <line num="6" count="2" type="stmt"/>
      <line num="7" count="2" type="stmt"/>
      <line num="8" count="2" type="cond" truecount="2" falsecount="0"/>
      <line num="9" count="1" type="cond" truecount="1" falsecount="1"/>
      <line num="10" count="1" type="stmt"/>
      <line num="12" count="0" type="stmt"/>
      <line num="15" count="1" type="stmt"/>
      <line num="20" count="1" type="stmt"/>
      <line num="21" count="1" type="stmt"/>
      <line num="22" count="1" type="stmt"/>
      <line num="23" count="1" type="stmt"/>
      <line num="24" count="1" type="cond" truecount="1" falsecount="1"/>
      <line num="25" count="0" type="stmt"/>
      <line num="27" count="1" type="stmt"/>
      <line num="31" count="1" type="stmt"/>
    </file>
  </project>
</coverage>
