TN:
SF:cart.js
FN:2,(anonymous_0)
FN:3,adopt
FN:3,(anonymous_2)
FN:4,(anonymous_3)
FN:5,fulfilled
FN:6,rejected
FN:7,step
FN:14,(anonymous_7)
FN:19,(anonymous_8)
FN:20,(anonymous_9)
FN:21,(anonymous_10)
FN:28,(anonymous_11)
FN:29,(anonymous_12)
FN:30,(anonymous_13)
FN:41,(anonymous_14)
FN:41,(anonymous_15)
FN:42,(anonymous_16)
FN:42,(anonymous_17)
FN:48,(anonymous_18)
FN:48,(anonymous_19)
FNF:20
FNH:19
FNDA:42,(anonymous_0)
FNDA:79,adopt
FNDA:0,(anonymous_2)
FNDA:42,(anonymous_3)
FNDA:69,fulfilled
FNDA:10,rejected
FNDA:111,step
FNDA:4,(anonymous_7)
FNDA:27,(anonymous_8)
FNDA:27,(anonymous_9)
FNDA:69,(anonymous_10)
FNDA:16,(anonymous_11)
FNDA:16,(anonymous_12)
FNDA:28,(anonymous_13)
FNDA:19,(anonymous_14)
FNDA:19,(anonymous_15)
FNDA:19,(anonymous_16)
FNDA:19,(anonymous_17)
FNDA:4,(anonymous_18)
FNDA:4,(anonymous_19)
DA:2,1
DA:3,79
DA:4,42
DA:5,69
DA:6,10
DA:7,111
DA:8,42
DA:11,1
DA:12,1
DA:19,4
DA:20,27
DA:21,69
DA:22,27
DA:23,6
DA:25,21
DA:28,4
DA:29,16
DA:30,16
DA:31,28
DA:36,28
DA:38,16
DA:41,19
DA:42,19
DA:43,19
DA:44,19
DA:45,15
DA:48,4
DA:49,4
DA:50,4
DA:51,12
DA:52,10
DA:53,10
DA:58,2
DA:60,4
DA:61,4
DA:62,4
DA:65,1
LF:37
LH:37
BRDA:2,0,0,1
BRDA:2,0,1,0
BRDA:2,0,2,1
BRDA:3,1,0,79
BRDA:3,1,1,0
BRDA:4,2,0,42
BRDA:4,2,1,42
BRDA:7,3,0,32
BRDA:7,3,1,79
BRDA:8,4,0,42
BRDA:8,4,1,42
BRDA:22,5,0,6
BRDA:22,5,1,21
BRDA:36,6,0,28
BRDA:36,6,1,28
BRDA:36,6,2,24
BRDA:36,6,3,16
BRDA:38,7,0,0
BRDA:38,7,1,16
BRDA:38,8,0,16
BRDA:38,8,1,16
BRF:21
BRH:18
end_of_record
TN:
SF:fileManager.js
FN:5,(anonymous_0)
FN:6,(anonymous_1)
FN:7,(anonymous_2)
FN:21,(anonymous_3)
FN:22,(anonymous_4)
FN:23,(anonymous_5)
FNF:6
FNH:6
FNDA:2,(anonymous_0)
FNDA:2,(anonymous_1)
FNDA:2,(anonymous_2)
FNDA:1,(anonymous_3)
FNDA:1,(anonymous_4)
FNDA:1,(anonymous_5)
DA:2,1
DA:3,1
DA:4,1
DA:5,1
DA:6,2
DA:7,2
DA:8,2
DA:9,1
DA:10,1
DA:12,0
DA:15,1
DA:20,1
DA:21,1
DA:22,1
DA:23,1
DA:24,1
DA:25,0
DA:27,1
DA:31,1
LF:19
LH:17
BRDA:8,0,0,1
BRDA:8,0,1,1
BRDA:9,1,0,1
BRDA:9,1,1,0
BRDA:24,2,0,0
BRDA:24,2,1,1
BRF:6
BRH:4
end_of_record
