<?xml version="1.0" encoding="UTF-8"?>
<coverage generated="1633797970005" clover="3.2.0">
  <project timestamp="1633797970005" name="All files">
    <metrics statements="19" coveredstatements="17" conditionals="6" coveredconditionals="4" methods="6" coveredmethods="6" elements="31" coveredelements="27" complexity="0" loc="19" ncloc="19" packages="1" files="1" classes="1"/>
    <file name="fileManager.js" path="C:\Users\cbouabd\Desktop\tech-interview\level1\fileManager.js">
      <metrics statements="19" coveredstatements="17" conditionals="6" coveredconditionals="4" methods="6" coveredmethods="6"/>
      <line num="2" count="1" type="stmt"/>
      <line num="3" count="1" type="stmt"/>
      <line num="4" count="1" type="stmt"/>
      <line num="5" count="1" type="stmt"/>
      <line num="6" count="2" type="stmt"/>
      <line num="7" count="2" type="stmt"/>
      <line num="8" count="2" type="cond" truecount="2" falsecount="0"/>
      <line num="9" count="1" type="cond" truecount="1" falsecount="1"/>
      <line num="10" count="1" type="stmt"/>
      <line num="12" count="0" type="stmt"/>
      <line num="15" count="1" type="stmt"/>
      <line num="20" count="1" type="stmt"/>
      <line num="21" count="1" type="stmt"/>
      <line num="22" count="2" type="stmt"/>
      <line num="23" count="2" type="stmt"/>
      <line num="24" count="2" type="cond" truecount="1" falsecount="1"/>
      <line num="25" count="0" type="stmt"/>
      <line num="27" count="2" type="stmt"/>
      <line num="31" count="1" type="stmt"/>
    </file>
  </project>
</coverage>
