<?xml version="1.0" encoding="UTF-8"?>
<coverage generated="1633800492104" clover="3.2.0">
  <project timestamp="1633800492104" name="All files">
    <metrics statements="48" coveredstatements="46" conditionals="19" coveredconditionals="15" methods="22" coveredmethods="21" elements="89" coveredelements="82" complexity="0" loc="48" ncloc="48" packages="1" files="2" classes="2"/>
    <file name="cartManager.js" path="C:\Users\cbouabd\Desktop\tech-interview\level1\cartManager.js">
      <metrics statements="29" coveredstatements="29" conditionals="13" coveredconditionals="11" methods="16" coveredmethods="15"/>
      <line num="2" count="1" type="cond" truecount="2" falsecount="1"/>
      <line num="3" count="69" type="cond" truecount="1" falsecount="1"/>
      <line num="4" count="42" type="cond" truecount="2" falsecount="0"/>
      <line num="5" count="59" type="stmt"/>
      <line num="6" count="10" type="stmt"/>
      <line num="7" count="101" type="cond" truecount="2" falsecount="0"/>
      <line num="8" count="42" type="cond" truecount="2" falsecount="0"/>
      <line num="11" count="1" type="stmt"/>
      <line num="12" count="1" type="stmt"/>
      <line num="17" count="1" type="stmt"/>
      <line num="18" count="27" type="stmt"/>
      <line num="19" count="69" type="stmt"/>
      <line num="20" count="27" type="cond" truecount="2" falsecount="0"/>
      <line num="21" count="6" type="stmt"/>
      <line num="23" count="21" type="stmt"/>
      <line num="26" count="1" type="stmt"/>
      <line num="27" count="19" type="stmt"/>
      <line num="28" count="19" type="stmt"/>
      <line num="29" count="19" type="stmt"/>
      <line num="30" count="19" type="stmt"/>
      <line num="31" count="15" type="stmt"/>
      <line num="34" count="1" type="stmt"/>
      <line num="35" count="4" type="stmt"/>
      <line num="36" count="4" type="stmt"/>
      <line num="37" count="4" type="stmt"/>
      <line num="38" count="4" type="stmt"/>
      <line num="39" count="12" type="stmt"/>
      <line num="44" count="2" type="stmt"/>
      <line num="46" count="1" type="stmt"/>
    </file>
    <file name="fileManager.js" path="C:\Users\cbouabd\Desktop\tech-interview\level1\fileManager.js">
      <metrics statements="19" coveredstatements="17" conditionals="6" coveredconditionals="4" methods="6" coveredmethods="6"/>
      <line num="2" count="1" type="stmt"/>
      <line num="3" count="1" type="stmt"/>
      <line num="4" count="1" type="stmt"/>
      <line num="5" count="1" type="stmt"/>
      <line num="6" count="2" type="stmt"/>
      <line num="7" count="2" type="stmt"/>
      <line num="8" count="2" type="cond" truecount="2" falsecount="0"/>
      <line num="9" count="1" type="cond" truecount="1" falsecount="1"/>
      <line num="10" count="1" type="stmt"/>
      <line num="12" count="0" type="stmt"/>
      <line num="15" count="1" type="stmt"/>
      <line num="20" count="1" type="stmt"/>
      <line num="21" count="1" type="stmt"/>
      <line num="22" count="1" type="stmt"/>
      <line num="23" count="1" type="stmt"/>
      <line num="24" count="1" type="cond" truecount="1" falsecount="1"/>
      <line num="25" count="0" type="stmt"/>
      <line num="27" count="1" type="stmt"/>
      <line num="31" count="1" type="stmt"/>
    </file>
  </project>
</coverage>
