{"C:\\Users\\cbouabd\\Desktop\\tech-interview\\level1\\fileManager.js": {"path":"C:\\Users\\cbouabd\\Desktop\\tech-interview\\level1\\fileManager.js","statementMap":{"0":{"start":{"line":2,"column":0},"end":{"line":2,"column":62}},"1":{"start":{"line":3,"column":0},"end":{"line":3,"column":38}},"2":{"start":{"line":4,"column":11},"end":{"line":4,"column":24}},"3":{"start":{"line":5,"column":13},"end":{"line":19,"column":1}},"4":{"start":{"line":6,"column":4},"end":{"line":18,"column":7}},"5":{"start":{"line":7,"column":8},"end":{"line":17,"column":11}},"6":{"start":{"line":8,"column":12},"end":{"line":16,"column":13}},"7":{"start":{"line":9,"column":16},"end":{"line":12,"column":32}},"8":{"start":{"line":10,"column":20},"end":{"line":10,"column":46}},"9":{"start":{"line":12,"column":20},"end":{"line":12,"column":32}},"10":{"start":{"line":15,"column":16},"end":{"line":15,"column":41}},"11":{"start":{"line":20,"column":0},"end":{"line":20,"column":20}},"12":{"start":{"line":21,"column":14},"end":{"line":30,"column":1}},"13":{"start":{"line":22,"column":4},"end":{"line":29,"column":7}},"14":{"start":{"line":23,"column":8},"end":{"line":28,"column":11}},"15":{"start":{"line":24,"column":12},"end":{"line":27,"column":30}},"16":{"start":{"line":25,"column":16},"end":{"line":25,"column":28}},"17":{"start":{"line":27,"column":16},"end":{"line":27,"column":30}},"18":{"start":{"line":31,"column":0},"end":{"line":31,"column":22}}},"fnMap":{"0":{"name":"(anonymous_0)","decl":{"start":{"line":5,"column":13},"end":{"line":5,"column":14}},"loc":{"start":{"line":5,"column":27},"end":{"line":19,"column":1}},"line":5},"1":{"name":"(anonymous_1)","decl":{"start":{"line":6,"column":23},"end":{"line":6,"column":24}},"loc":{"start":{"line":6,"column":44},"end":{"line":18,"column":5}},"line":6},"2":{"name":"(anonymous_2)","decl":{"start":{"line":7,"column":30},"end":{"line":7,"column":31}},"loc":{"start":{"line":7,"column":45},"end":{"line":17,"column":9}},"line":7},"3":{"name":"(anonymous_3)","decl":{"start":{"line":21,"column":14},"end":{"line":21,"column":15}},"loc":{"start":{"line":21,"column":34},"end":{"line":30,"column":1}},"line":21},"4":{"name":"(anonymous_4)","decl":{"start":{"line":22,"column":23},"end":{"line":22,"column":24}},"loc":{"start":{"line":22,"column":44},"end":{"line":29,"column":5}},"line":22},"5":{"name":"(anonymous_5)","decl":{"start":{"line":23,"column":45},"end":{"line":23,"column":46}},"loc":{"start":{"line":23,"column":54},"end":{"line":28,"column":9}},"line":23}},"branchMap":{"0":{"loc":{"start":{"line":8,"column":12},"end":{"line":16,"column":13}},"type":"if","locations":[{"start":{"line":8,"column":12},"end":{"line":16,"column":13}},{"start":{"line":8,"column":12},"end":{"line":16,"column":13}}],"line":8},"1":{"loc":{"start":{"line":9,"column":16},"end":{"line":12,"column":32}},"type":"if","locations":[{"start":{"line":9,"column":16},"end":{"line":12,"column":32}},{"start":{"line":9,"column":16},"end":{"line":12,"column":32}}],"line":9},"2":{"loc":{"start":{"line":24,"column":12},"end":{"line":27,"column":30}},"type":"if","locations":[{"start":{"line":24,"column":12},"end":{"line":27,"column":30}},{"start":{"line":24,"column":12},"end":{"line":27,"column":30}}],"line":24}},"s":{"0":1,"1":1,"2":1,"3":1,"4":2,"5":2,"6":2,"7":1,"8":1,"9":0,"10":1,"11":1,"12":1,"13":2,"14":2,"15":2,"16":0,"17":2,"18":1},"f":{"0":2,"1":2,"2":2,"3":2,"4":2,"5":2},"b":{"0":[1,1],"1":[1,0],"2":[0,2]},"_coverageSchema":"1a1c01bbd47fc00a2c39e90264f33305004495a9","hash":"389eeb46f6901c0136bf4bd7b255405cbade2e5d"}
}
