{"C:\\Users\\cbouabd\\Desktop\\tech-interview\\level1\\cartManager.js": {"path":"C:\\Users\\cbouabd\\Desktop\\tech-interview\\level1\\cartManager.js","statementMap":{"0":{"start":{"line":2,"column":16},"end":{"line":10,"column":1}},"1":{"start":{"line":3,"column":28},"end":{"line":3,"column":110}},"2":{"start":{"line":3,"column":91},"end":{"line":3,"column":106}},"3":{"start":{"line":4,"column":4},"end":{"line":9,"column":7}},"4":{"start":{"line":5,"column":36},"end":{"line":5,"column":97}},"5":{"start":{"line":5,"column":42},"end":{"line":5,"column":70}},"6":{"start":{"line":5,"column":85},"end":{"line":5,"column":95}},"7":{"start":{"line":6,"column":35},"end":{"line":6,"column":100}},"8":{"start":{"line":6,"column":41},"end":{"line":6,"column":73}},"9":{"start":{"line":6,"column":88},"end":{"line":6,"column":98}},"10":{"start":{"line":7,"column":32},"end":{"line":7,"column":116}},"11":{"start":{"line":8,"column":8},"end":{"line":8,"column":78}},"12":{"start":{"line":11,"column":0},"end":{"line":11,"column":62}},"13":{"start":{"line":12,"column":0},"end":{"line":12,"column":81}},"14":{"start":{"line":17,"column":24},"end":{"line":25,"column":1}},"15":{"start":{"line":18,"column":4},"end":{"line":24,"column":7}},"16":{"start":{"line":19,"column":24},"end":{"line":19,"column":76}},"17":{"start":{"line":19,"column":51},"end":{"line":19,"column":75}},"18":{"start":{"line":20,"column":8},"end":{"line":23,"column":46}},"19":{"start":{"line":21,"column":12},"end":{"line":21,"column":69}},"20":{"start":{"line":23,"column":12},"end":{"line":23,"column":46}},"21":{"start":{"line":26,"column":0},"end":{"line":26,"column":42}},"22":{"start":{"line":27,"column":22},"end":{"line":33,"column":2}},"23":{"start":{"line":27,"column":42},"end":{"line":33,"column":2}},"24":{"start":{"line":28,"column":4},"end":{"line":32,"column":28}},"25":{"start":{"line":28,"column":45},"end":{"line":32,"column":6}},"26":{"start":{"line":29,"column":21},"end":{"line":29,"column":28}},"27":{"start":{"line":30,"column":21},"end":{"line":30,"column":91}},"28":{"start":{"line":31,"column":8},"end":{"line":31,"column":27}},"29":{"start":{"line":34,"column":0},"end":{"line":34,"column":38}},"30":{"start":{"line":35,"column":22},"end":{"line":45,"column":2}},"31":{"start":{"line":35,"column":32},"end":{"line":45,"column":2}},"32":{"start":{"line":36,"column":32},"end":{"line":36,"column":36}},"33":{"start":{"line":37,"column":27},"end":{"line":37,"column":40}},"34":{"start":{"line":38,"column":4},"end":{"line":43,"column":5}},"35":{"start":{"line":39,"column":8},"end":{"line":42,"column":11}},"36":{"start":{"line":44,"column":4},"end":{"line":44,"column":26}},"37":{"start":{"line":46,"column":0},"end":{"line":46,"column":38}}},"fnMap":{"0":{"name":"(anonymous_0)","decl":{"start":{"line":2,"column":44},"end":{"line":2,"column":45}},"loc":{"start":{"line":2,"column":89},"end":{"line":10,"column":1}},"line":2},"1":{"name":"adopt","decl":{"start":{"line":3,"column":13},"end":{"line":3,"column":18}},"loc":{"start":{"line":3,"column":26},"end":{"line":3,"column":112}},"line":3},"2":{"name":"(anonymous_2)","decl":{"start":{"line":3,"column":70},"end":{"line":3,"column":71}},"loc":{"start":{"line":3,"column":89},"end":{"line":3,"column":108}},"line":3},"3":{"name":"(anonymous_3)","decl":{"start":{"line":4,"column":36},"end":{"line":4,"column":37}},"loc":{"start":{"line":4,"column":63},"end":{"line":9,"column":5}},"line":4},"4":{"name":"fulfilled","decl":{"start":{"line":5,"column":17},"end":{"line":5,"column":26}},"loc":{"start":{"line":5,"column":34},"end":{"line":5,"column":99}},"line":5},"5":{"name":"rejected","decl":{"start":{"line":6,"column":17},"end":{"line":6,"column":25}},"loc":{"start":{"line":6,"column":33},"end":{"line":6,"column":102}},"line":6},"6":{"name":"step","decl":{"start":{"line":7,"column":17},"end":{"line":7,"column":21}},"loc":{"start":{"line":7,"column":30},"end":{"line":7,"column":118}},"line":7},"7":{"name":"(anonymous_7)","decl":{"start":{"line":17,"column":24},"end":{"line":17,"column":25}},"loc":{"start":{"line":17,"column":59},"end":{"line":25,"column":1}},"line":17},"8":{"name":"(anonymous_8)","decl":{"start":{"line":18,"column":23},"end":{"line":18,"column":24}},"loc":{"start":{"line":18,"column":44},"end":{"line":24,"column":5}},"line":18},"9":{"name":"(anonymous_9)","decl":{"start":{"line":19,"column":38},"end":{"line":19,"column":39}},"loc":{"start":{"line":19,"column":51},"end":{"line":19,"column":75}},"line":19},"10":{"name":"(anonymous_10)","decl":{"start":{"line":27,"column":22},"end":{"line":27,"column":23}},"loc":{"start":{"line":27,"column":42},"end":{"line":33,"column":2}},"line":27},"11":{"name":"(anonymous_11)","decl":{"start":{"line":27,"column":76},"end":{"line":27,"column":77}},"loc":{"start":{"line":27,"column":89},"end":{"line":33,"column":1}},"line":27},"12":{"name":"(anonymous_12)","decl":{"start":{"line":28,"column":35},"end":{"line":28,"column":36}},"loc":{"start":{"line":28,"column":45},"end":{"line":32,"column":6}},"line":28},"13":{"name":"(anonymous_13)","decl":{"start":{"line":28,"column":79},"end":{"line":28,"column":80}},"loc":{"start":{"line":28,"column":92},"end":{"line":32,"column":5}},"line":28},"14":{"name":"(anonymous_14)","decl":{"start":{"line":35,"column":22},"end":{"line":35,"column":23}},"loc":{"start":{"line":35,"column":32},"end":{"line":45,"column":2}},"line":35},"15":{"name":"(anonymous_15)","decl":{"start":{"line":35,"column":66},"end":{"line":35,"column":67}},"loc":{"start":{"line":35,"column":79},"end":{"line":45,"column":1}},"line":35}},"branchMap":{"0":{"loc":{"start":{"line":2,"column":16},"end":{"line":10,"column":1}},"type":"binary-expr","locations":[{"start":{"line":2,"column":17},"end":{"line":2,"column":21}},{"start":{"line":2,"column":25},"end":{"line":2,"column":39}},{"start":{"line":2,"column":44},"end":{"line":10,"column":1}}],"line":2},"1":{"loc":{"start":{"line":3,"column":35},"end":{"line":3,"column":109}},"type":"cond-expr","locations":[{"start":{"line":3,"column":56},"end":{"line":3,"column":61}},{"start":{"line":3,"column":64},"end":{"line":3,"column":109}}],"line":3},"2":{"loc":{"start":{"line":4,"column":16},"end":{"line":4,"column":34}},"type":"binary-expr","locations":[{"start":{"line":4,"column":16},"end":{"line":4,"column":17}},{"start":{"line":4,"column":22},"end":{"line":4,"column":33}}],"line":4},"3":{"loc":{"start":{"line":7,"column":32},"end":{"line":7,"column":115}},"type":"cond-expr","locations":[{"start":{"line":7,"column":46},"end":{"line":7,"column":67}},{"start":{"line":7,"column":70},"end":{"line":7,"column":115}}],"line":7},"4":{"loc":{"start":{"line":8,"column":51},"end":{"line":8,"column":67}},"type":"binary-expr","locations":[{"start":{"line":8,"column":51},"end":{"line":8,"column":61}},{"start":{"line":8,"column":65},"end":{"line":8,"column":67}}],"line":8},"5":{"loc":{"start":{"line":20,"column":8},"end":{"line":23,"column":46}},"type":"if","locations":[{"start":{"line":20,"column":8},"end":{"line":23,"column":46}},{"start":{"line":20,"column":8},"end":{"line":23,"column":46}}],"line":20}},"s":{"0":1,"1":69,"2":0,"3":42,"4":59,"5":59,"6":0,"7":10,"8":10,"9":10,"10":101,"11":42,"12":1,"13":1,"14":1,"15":27,"16":27,"17":69,"18":27,"19":6,"20":21,"21":1,"22":1,"23":19,"24":19,"25":19,"26":19,"27":19,"28":15,"29":1,"30":1,"31":4,"32":4,"33":4,"34":4,"35":12,"36":2,"37":1},"f":{"0":42,"1":69,"2":0,"3":42,"4":59,"5":10,"6":101,"7":27,"8":27,"9":69,"10":19,"11":19,"12":19,"13":19,"14":4,"15":4},"b":{"0":[1,0,1],"1":[69,0],"2":[42,42],"3":[32,69],"4":[42,42],"5":[6,21]},"_coverageSchema":"1a1c01bbd47fc00a2c39e90264f33305004495a9","hash":"19ba48376236f7b2c5c41051b304a1c8e8dfba66"}
,"C:\\Users\\cbouabd\\Desktop\\tech-interview\\level1\\fileManager.js": {"path":"C:\\Users\\cbouabd\\Desktop\\tech-interview\\level1\\fileManager.js","statementMap":{"0":{"start":{"line":2,"column":0},"end":{"line":2,"column":62}},"1":{"start":{"line":3,"column":0},"end":{"line":3,"column":38}},"2":{"start":{"line":4,"column":11},"end":{"line":4,"column":24}},"3":{"start":{"line":5,"column":13},"end":{"line":19,"column":1}},"4":{"start":{"line":6,"column":4},"end":{"line":18,"column":7}},"5":{"start":{"line":7,"column":8},"end":{"line":17,"column":11}},"6":{"start":{"line":8,"column":12},"end":{"line":16,"column":13}},"7":{"start":{"line":9,"column":16},"end":{"line":12,"column":32}},"8":{"start":{"line":10,"column":20},"end":{"line":10,"column":46}},"9":{"start":{"line":12,"column":20},"end":{"line":12,"column":32}},"10":{"start":{"line":15,"column":16},"end":{"line":15,"column":41}},"11":{"start":{"line":20,"column":0},"end":{"line":20,"column":20}},"12":{"start":{"line":21,"column":14},"end":{"line":30,"column":1}},"13":{"start":{"line":22,"column":4},"end":{"line":29,"column":7}},"14":{"start":{"line":23,"column":8},"end":{"line":28,"column":11}},"15":{"start":{"line":24,"column":12},"end":{"line":27,"column":30}},"16":{"start":{"line":25,"column":16},"end":{"line":25,"column":28}},"17":{"start":{"line":27,"column":16},"end":{"line":27,"column":30}},"18":{"start":{"line":31,"column":0},"end":{"line":31,"column":22}}},"fnMap":{"0":{"name":"(anonymous_0)","decl":{"start":{"line":5,"column":13},"end":{"line":5,"column":14}},"loc":{"start":{"line":5,"column":27},"end":{"line":19,"column":1}},"line":5},"1":{"name":"(anonymous_1)","decl":{"start":{"line":6,"column":23},"end":{"line":6,"column":24}},"loc":{"start":{"line":6,"column":44},"end":{"line":18,"column":5}},"line":6},"2":{"name":"(anonymous_2)","decl":{"start":{"line":7,"column":30},"end":{"line":7,"column":31}},"loc":{"start":{"line":7,"column":45},"end":{"line":17,"column":9}},"line":7},"3":{"name":"(anonymous_3)","decl":{"start":{"line":21,"column":14},"end":{"line":21,"column":15}},"loc":{"start":{"line":21,"column":34},"end":{"line":30,"column":1}},"line":21},"4":{"name":"(anonymous_4)","decl":{"start":{"line":22,"column":23},"end":{"line":22,"column":24}},"loc":{"start":{"line":22,"column":44},"end":{"line":29,"column":5}},"line":22},"5":{"name":"(anonymous_5)","decl":{"start":{"line":23,"column":45},"end":{"line":23,"column":46}},"loc":{"start":{"line":23,"column":54},"end":{"line":28,"column":9}},"line":23}},"branchMap":{"0":{"loc":{"start":{"line":8,"column":12},"end":{"line":16,"column":13}},"type":"if","locations":[{"start":{"line":8,"column":12},"end":{"line":16,"column":13}},{"start":{"line":8,"column":12},"end":{"line":16,"column":13}}],"line":8},"1":{"loc":{"start":{"line":9,"column":16},"end":{"line":12,"column":32}},"type":"if","locations":[{"start":{"line":9,"column":16},"end":{"line":12,"column":32}},{"start":{"line":9,"column":16},"end":{"line":12,"column":32}}],"line":9},"2":{"loc":{"start":{"line":24,"column":12},"end":{"line":27,"column":30}},"type":"if","locations":[{"start":{"line":24,"column":12},"end":{"line":27,"column":30}},{"start":{"line":24,"column":12},"end":{"line":27,"column":30}}],"line":24}},"s":{"0":1,"1":1,"2":1,"3":1,"4":2,"5":2,"6":2,"7":1,"8":1,"9":0,"10":1,"11":1,"12":1,"13":1,"14":1,"15":1,"16":0,"17":1,"18":1},"f":{"0":2,"1":2,"2":2,"3":1,"4":1,"5":1},"b":{"0":[1,1],"1":[1,0],"2":[0,1]},"_coverageSchema":"1a1c01bbd47fc00a2c39e90264f33305004495a9","hash":"389eeb46f6901c0136bf4bd7b255405cbade2e5d"}
}
