TN:
SF:cart.js
FN:2,(anonymous_0)
FN:3,adopt
FN:3,(anonymous_2)
FN:4,(anonymous_3)
FN:5,fulfilled
FN:6,rejected
FN:7,step
FN:14,(anonymous_7)
FN:15,(anonymous_8)
FN:16,(anonymous_9)
FN:17,(anonymous_10)
FN:24,(anonymous_11)
FN:24,(anonymous_12)
FN:25,(anonymous_13)
FN:25,(anonymous_14)
FN:31,(anonymous_15)
FN:31,(anonymous_16)
FNF:17
FNH:16
FNDA:42,(anonymous_0)
FNDA:69,adopt
FNDA:0,(anonymous_2)
FNDA:42,(anonymous_3)
FNDA:59,fulfilled
FNDA:10,rejected
FNDA:101,step
FNDA:4,(anonymous_7)
FNDA:27,(anonymous_8)
FNDA:27,(anonymous_9)
FNDA:69,(anonymous_10)
FNDA:19,(anonymous_11)
FNDA:19,(anonymous_12)
FNDA:19,(anonymous_13)
FNDA:19,(anonymous_14)
FNDA:4,(anonymous_15)
FNDA:4,(anonymous_16)
DA:2,1
DA:3,69
DA:4,42
DA:5,59
DA:6,10
DA:7,101
DA:8,42
DA:11,1
DA:12,1
DA:15,4
DA:16,27
DA:17,69
DA:18,27
DA:19,6
DA:21,21
DA:24,19
DA:25,19
DA:26,19
DA:27,19
DA:28,15
DA:31,4
DA:32,4
DA:33,4
DA:34,12
DA:39,2
DA:41,4
DA:42,4
DA:45,1
LF:28
LH:28
BRDA:2,0,0,1
BRDA:2,0,1,0
BRDA:2,0,2,1
BRDA:3,1,0,69
BRDA:3,1,1,0
BRDA:4,2,0,42
BRDA:4,2,1,42
BRDA:7,3,0,32
BRDA:7,3,1,69
BRDA:8,4,0,42
BRDA:8,4,1,42
BRDA:18,5,0,6
BRDA:18,5,1,21
BRF:13
BRH:11
end_of_record
TN:
SF:fileManager.js
FN:5,(anonymous_0)
FN:6,(anonymous_1)
FN:7,(anonymous_2)
FN:21,(anonymous_3)
FN:22,(anonymous_4)
FN:23,(anonymous_5)
FNF:6
FNH:6
FNDA:2,(anonymous_0)
FNDA:2,(anonymous_1)
FNDA:2,(anonymous_2)
FNDA:1,(anonymous_3)
FNDA:1,(anonymous_4)
FNDA:1,(anonymous_5)
DA:2,1
DA:3,1
DA:4,1
DA:5,1
DA:6,2
DA:7,2
DA:8,2
DA:9,1
DA:10,1
DA:12,0
DA:15,1
DA:20,1
DA:21,1
DA:22,1
DA:23,1
DA:24,1
DA:25,0
DA:27,1
DA:31,1
LF:19
LH:17
BRDA:8,0,0,1
BRDA:8,0,1,1
BRDA:9,1,0,1
BRDA:9,1,1,0
BRDA:24,2,0,0
BRDA:24,2,1,1
BRF:6
BRH:4
end_of_record
