<?xml version="1.0" encoding="UTF-8"?>
<coverage generated="1633805156895" clover="3.2.0">
  <project timestamp="1633805156895" name="All files">
    <metrics statements="74" coveredstatements="72" conditionals="33" coveredconditionals="28" methods="30" coveredmethods="29" elements="137" coveredelements="129" complexity="0" loc="74" ncloc="74" packages="1" files="3" classes="3"/>
    <file name="cartManager.js" path="C:\Users\cbouabd\Desktop\tech-interview\level3\cartManager.js">
      <metrics statements="50" coveredstatements="50" conditionals="25" coveredconditionals="22" methods="23" coveredmethods="22"/>
      <line num="2" count="1" type="cond" truecount="2" falsecount="1"/>
      <line num="3" count="128" type="cond" truecount="1" falsecount="1"/>
      <line num="4" count="83" type="cond" truecount="2" falsecount="0"/>
      <line num="5" count="123" type="stmt"/>
      <line num="6" count="5" type="stmt"/>
      <line num="7" count="206" type="cond" truecount="2" falsecount="0"/>
      <line num="8" count="83" type="cond" truecount="2" falsecount="0"/>
      <line num="11" count="1" type="stmt"/>
      <line num="12" count="1" type="stmt"/>
      <line num="13" count="1" type="stmt"/>
      <line num="14" count="1" type="stmt"/>
      <line num="15" count="32" type="stmt"/>
      <line num="16" count="111" type="stmt"/>
      <line num="17" count="32" type="stmt"/>
      <line num="20" count="1" type="stmt"/>
      <line num="25" count="1" type="stmt"/>
      <line num="26" count="35" type="stmt"/>
      <line num="27" count="153" type="stmt"/>
      <line num="28" count="35" type="cond" truecount="2" falsecount="0"/>
      <line num="29" count="3" type="stmt"/>
      <line num="32" count="32" type="stmt"/>
      <line num="33" count="32" type="stmt"/>
      <line num="34" count="32" type="cond" truecount="2" falsecount="0"/>
      <line num="35" count="20" type="cond" truecount="2" falsecount="0"/>
      <line num="36" count="7" type="stmt"/>
      <line num="39" count="13" type="stmt"/>
      <line num="41" count="32" type="stmt"/>
      <line num="45" count="1" type="stmt"/>
      <line num="46" count="1" type="stmt"/>
      <line num="47" count="13" type="stmt"/>
      <line num="48" count="13" type="stmt"/>
      <line num="49" count="22" type="stmt"/>
      <line num="54" count="22" type="cond" truecount="4" falsecount="0"/>
      <line num="56" count="13" type="cond" truecount="3" falsecount="1"/>
      <line num="59" count="1" type="stmt"/>
      <line num="60" count="17" type="stmt"/>
      <line num="61" count="29" type="stmt"/>
      <line num="62" count="29" type="stmt"/>
      <line num="63" count="29" type="stmt"/>
      <line num="64" count="27" type="stmt"/>
      <line num="67" count="1" type="stmt"/>
      <line num="68" count="2" type="stmt"/>
      <line num="69" count="2" type="stmt"/>
      <line num="70" count="2" type="stmt"/>
      <line num="71" count="2" type="stmt"/>
      <line num="72" count="11" type="stmt"/>
      <line num="73" count="10" type="stmt"/>
      <line num="74" count="10" type="stmt"/>
      <line num="79" count="1" type="stmt"/>
      <line num="81" count="1" type="stmt"/>
    </file>
    <file name="fileManager.js" path="C:\Users\cbouabd\Desktop\tech-interview\level3\fileManager.js">
      <metrics statements="19" coveredstatements="17" conditionals="6" coveredconditionals="4" methods="6" coveredmethods="6"/>
      <line num="2" count="1" type="stmt"/>
      <line num="3" count="1" type="stmt"/>
      <line num="4" count="1" type="stmt"/>
      <line num="5" count="1" type="stmt"/>
      <line num="6" count="2" type="stmt"/>
      <line num="7" count="2" type="stmt"/>
      <line num="8" count="2" type="cond" truecount="2" falsecount="0"/>
      <line num="9" count="1" type="cond" truecount="1" falsecount="1"/>
      <line num="10" count="1" type="stmt"/>
      <line num="12" count="0" type="stmt"/>
      <line num="15" count="1" type="stmt"/>
      <line num="20" count="1" type="stmt"/>
      <line num="21" count="1" type="stmt"/>
      <line num="22" count="1" type="stmt"/>
      <line num="23" count="1" type="stmt"/>
      <line num="24" count="1" type="cond" truecount="1" falsecount="1"/>
      <line num="25" count="0" type="stmt"/>
      <line num="27" count="1" type="stmt"/>
      <line num="31" count="1" type="stmt"/>
    </file>
    <file name="types.js" path="C:\Users\cbouabd\Desktop\tech-interview\level3\types.js">
      <metrics statements="5" coveredstatements="5" conditionals="2" coveredconditionals="2" methods="1" coveredmethods="1"/>
      <line num="2" count="1" type="stmt"/>
      <line num="3" count="1" type="stmt"/>
      <line num="5" count="1" type="stmt"/>
      <line num="6" count="1" type="stmt"/>
      <line num="7" count="1" type="stmt"/>
    </file>
  </project>
</coverage>
