<?xml version="1.0" encoding="UTF-8"?>
<coverage generated="1633810392220" clover="3.2.0">
  <project timestamp="1633810392220" name="All files">
    <metrics statements="73" coveredstatements="71" conditionals="33" coveredconditionals="28" methods="31" coveredmethods="30" elements="137" coveredelements="129" complexity="0" loc="73" ncloc="73" packages="1" files="3" classes="3"/>
    <file name="cart.js" path="C:\Users\cbouabd\Desktop\tech-interview\level3\cart.js">
      <metrics statements="49" coveredstatements="49" conditionals="25" coveredconditionals="22" methods="24" coveredmethods="23"/>
      <line num="2" count="1" type="cond" truecount="2" falsecount="1"/>
      <line num="3" count="128" type="cond" truecount="1" falsecount="1"/>
      <line num="4" count="83" type="cond" truecount="2" falsecount="0"/>
      <line num="5" count="123" type="stmt"/>
      <line num="6" count="5" type="stmt"/>
      <line num="7" count="206" type="cond" truecount="2" falsecount="0"/>
      <line num="8" count="83" type="cond" truecount="2" falsecount="0"/>
      <line num="11" count="1" type="stmt"/>
      <line num="12" count="1" type="stmt"/>
      <line num="13" count="1" type="stmt"/>
      <line num="16" count="2" type="stmt"/>
      <line num="17" count="32" type="stmt"/>
      <line num="18" count="111" type="stmt"/>
      <line num="19" count="32" type="stmt"/>
      <line num="26" count="2" type="stmt"/>
      <line num="27" count="35" type="stmt"/>
      <line num="28" count="153" type="stmt"/>
      <line num="29" count="35" type="cond" truecount="2" falsecount="0"/>
      <line num="30" count="3" type="stmt"/>
      <line num="33" count="32" type="stmt"/>
      <line num="34" count="32" type="stmt"/>
      <line num="35" count="32" type="cond" truecount="2" falsecount="0"/>
      <line num="36" count="20" type="cond" truecount="2" falsecount="0"/>
      <line num="37" count="7" type="stmt"/>
      <line num="40" count="13" type="stmt"/>
      <line num="42" count="32" type="stmt"/>
      <line num="46" count="2" type="stmt"/>
      <line num="47" count="13" type="stmt"/>
      <line num="48" count="13" type="stmt"/>
      <line num="49" count="22" type="stmt"/>
      <line num="54" count="22" type="cond" truecount="4" falsecount="0"/>
      <line num="56" count="13" type="cond" truecount="3" falsecount="1"/>
      <line num="59" count="17" type="stmt"/>
      <line num="60" count="29" type="stmt"/>
      <line num="61" count="29" type="stmt"/>
      <line num="62" count="29" type="stmt"/>
      <line num="63" count="27" type="stmt"/>
      <line num="66" count="2" type="stmt"/>
      <line num="67" count="2" type="stmt"/>
      <line num="68" count="2" type="stmt"/>
      <line num="69" count="11" type="stmt"/>
      <line num="70" count="10" type="stmt"/>
      <line num="71" count="10" type="stmt"/>
      <line num="76" count="1" type="stmt"/>
      <line num="78" count="2" type="stmt"/>
      <line num="79" count="2" type="stmt"/>
      <line num="80" count="2" type="stmt"/>
      <line num="81" count="2" type="stmt"/>
      <line num="84" count="1" type="stmt"/>
    </file>
    <file name="fileManager.js" path="C:\Users\cbouabd\Desktop\tech-interview\level3\fileManager.js">
      <metrics statements="19" coveredstatements="17" conditionals="6" coveredconditionals="4" methods="6" coveredmethods="6"/>
      <line num="2" count="1" type="stmt"/>
      <line num="3" count="1" type="stmt"/>
      <line num="4" count="1" type="stmt"/>
      <line num="5" count="1" type="stmt"/>
      <line num="6" count="2" type="stmt"/>
      <line num="7" count="2" type="stmt"/>
      <line num="8" count="2" type="cond" truecount="2" falsecount="0"/>
      <line num="9" count="1" type="cond" truecount="1" falsecount="1"/>
      <line num="10" count="1" type="stmt"/>
      <line num="12" count="0" type="stmt"/>
      <line num="15" count="1" type="stmt"/>
      <line num="20" count="1" type="stmt"/>
      <line num="21" count="1" type="stmt"/>
      <line num="22" count="1" type="stmt"/>
      <line num="23" count="1" type="stmt"/>
      <line num="24" count="1" type="cond" truecount="1" falsecount="1"/>
      <line num="25" count="0" type="stmt"/>
      <line num="27" count="1" type="stmt"/>
      <line num="31" count="1" type="stmt"/>
    </file>
    <file name="types.js" path="C:\Users\cbouabd\Desktop\tech-interview\level3\types.js">
      <metrics statements="5" coveredstatements="5" conditionals="2" coveredconditionals="2" methods="1" coveredmethods="1"/>
      <line num="2" count="1" type="stmt"/>
      <line num="3" count="1" type="stmt"/>
      <line num="5" count="1" type="stmt"/>
      <line num="6" count="1" type="stmt"/>
      <line num="7" count="1" type="stmt"/>
    </file>
  </project>
</coverage>
