{"C:\\Users\\cbouabd\\Desktop\\tech-interview\\level3\\cart.js": {"path":"C:\\Users\\cbouabd\\Desktop\\tech-interview\\level3\\cart.js","statementMap":{"0":{"start":{"line":2,"column":16},"end":{"line":10,"column":1}},"1":{"start":{"line":3,"column":28},"end":{"line":3,"column":110}},"2":{"start":{"line":3,"column":91},"end":{"line":3,"column":106}},"3":{"start":{"line":4,"column":4},"end":{"line":9,"column":7}},"4":{"start":{"line":5,"column":36},"end":{"line":5,"column":97}},"5":{"start":{"line":5,"column":42},"end":{"line":5,"column":70}},"6":{"start":{"line":5,"column":85},"end":{"line":5,"column":95}},"7":{"start":{"line":6,"column":35},"end":{"line":6,"column":100}},"8":{"start":{"line":6,"column":41},"end":{"line":6,"column":73}},"9":{"start":{"line":6,"column":88},"end":{"line":6,"column":98}},"10":{"start":{"line":7,"column":32},"end":{"line":7,"column":116}},"11":{"start":{"line":8,"column":8},"end":{"line":8,"column":78}},"12":{"start":{"line":11,"column":0},"end":{"line":11,"column":62}},"13":{"start":{"line":12,"column":0},"end":{"line":12,"column":22}},"14":{"start":{"line":13,"column":16},"end":{"line":13,"column":34}},"15":{"start":{"line":16,"column":8},"end":{"line":21,"column":10}},"16":{"start":{"line":17,"column":12},"end":{"line":20,"column":15}},"17":{"start":{"line":18,"column":40},"end":{"line":18,"column":108}},"18":{"start":{"line":18,"column":74},"end":{"line":18,"column":107}},"19":{"start":{"line":19,"column":16},"end":{"line":19,"column":41}},"20":{"start":{"line":26,"column":8},"end":{"line":45,"column":10}},"21":{"start":{"line":27,"column":12},"end":{"line":44,"column":16}},"22":{"start":{"line":27,"column":52},"end":{"line":44,"column":14}},"23":{"start":{"line":28,"column":32},"end":{"line":28,"column":89}},"24":{"start":{"line":28,"column":64},"end":{"line":28,"column":88}},"25":{"start":{"line":29,"column":16},"end":{"line":43,"column":17}},"26":{"start":{"line":30,"column":20},"end":{"line":30,"column":77}},"27":{"start":{"line":33,"column":37},"end":{"line":33,"column":78}},"28":{"start":{"line":34,"column":39},"end":{"line":34,"column":52}},"29":{"start":{"line":35,"column":20},"end":{"line":41,"column":21}},"30":{"start":{"line":36,"column":24},"end":{"line":40,"column":107}},"31":{"start":{"line":37,"column":28},"end":{"line":37,"column":59}},"32":{"start":{"line":40,"column":28},"end":{"line":40,"column":107}},"33":{"start":{"line":42,"column":20},"end":{"line":42,"column":53}},"34":{"start":{"line":46,"column":8},"end":{"line":58,"column":10}},"35":{"start":{"line":47,"column":12},"end":{"line":57,"column":15}},"36":{"start":{"line":48,"column":42},"end":{"line":55,"column":18}},"37":{"start":{"line":49,"column":53},"end":{"line":49,"column":84}},"38":{"start":{"line":54,"column":20},"end":{"line":54,"column":104}},"39":{"start":{"line":56,"column":16},"end":{"line":56,"column":119}},"40":{"start":{"line":59,"column":8},"end":{"line":65,"column":11}},"41":{"start":{"line":59,"column":39},"end":{"line":65,"column":10}},"42":{"start":{"line":60,"column":12},"end":{"line":64,"column":36}},"43":{"start":{"line":60,"column":53},"end":{"line":64,"column":14}},"44":{"start":{"line":61,"column":29},"end":{"line":61,"column":36}},"45":{"start":{"line":62,"column":29},"end":{"line":62,"column":81}},"46":{"start":{"line":63,"column":16},"end":{"line":63,"column":35}},"47":{"start":{"line":66,"column":8},"end":{"line":77,"column":11}},"48":{"start":{"line":66,"column":31},"end":{"line":77,"column":10}},"49":{"start":{"line":67,"column":35},"end":{"line":67,"column":48}},"50":{"start":{"line":68,"column":12},"end":{"line":75,"column":13}},"51":{"start":{"line":69,"column":35},"end":{"line":69,"column":65}},"52":{"start":{"line":70,"column":37},"end":{"line":70,"column":75}},"53":{"start":{"line":71,"column":16},"end":{"line":74,"column":19}},"54":{"start":{"line":76,"column":12},"end":{"line":76,"column":34}},"55":{"start":{"line":78,"column":8},"end":{"line":78,"column":38}},"56":{"start":{"line":79,"column":8},"end":{"line":79,"column":32}},"57":{"start":{"line":80,"column":8},"end":{"line":80,"column":48}},"58":{"start":{"line":81,"column":8},"end":{"line":81,"column":40}},"59":{"start":{"line":84,"column":0},"end":{"line":84,"column":20}}},"fnMap":{"0":{"name":"(anonymous_0)","decl":{"start":{"line":2,"column":44},"end":{"line":2,"column":45}},"loc":{"start":{"line":2,"column":89},"end":{"line":10,"column":1}},"line":2},"1":{"name":"adopt","decl":{"start":{"line":3,"column":13},"end":{"line":3,"column":18}},"loc":{"start":{"line":3,"column":26},"end":{"line":3,"column":112}},"line":3},"2":{"name":"(anonymous_2)","decl":{"start":{"line":3,"column":70},"end":{"line":3,"column":71}},"loc":{"start":{"line":3,"column":89},"end":{"line":3,"column":108}},"line":3},"3":{"name":"(anonymous_3)","decl":{"start":{"line":4,"column":36},"end":{"line":4,"column":37}},"loc":{"start":{"line":4,"column":63},"end":{"line":9,"column":5}},"line":4},"4":{"name":"fulfilled","decl":{"start":{"line":5,"column":17},"end":{"line":5,"column":26}},"loc":{"start":{"line":5,"column":34},"end":{"line":5,"column":99}},"line":5},"5":{"name":"rejected","decl":{"start":{"line":6,"column":17},"end":{"line":6,"column":25}},"loc":{"start":{"line":6,"column":33},"end":{"line":6,"column":102}},"line":6},"6":{"name":"step","decl":{"start":{"line":7,"column":17},"end":{"line":7,"column":21}},"loc":{"start":{"line":7,"column":30},"end":{"line":7,"column":118}},"line":7},"7":{"name":"(anonymous_7)","decl":{"start":{"line":15,"column":4},"end":{"line":15,"column":5}},"loc":{"start":{"line":15,"column":22},"end":{"line":82,"column":5}},"line":15},"8":{"name":"(anonymous_8)","decl":{"start":{"line":16,"column":34},"end":{"line":16,"column":35}},"loc":{"start":{"line":16,"column":49},"end":{"line":21,"column":9}},"line":16},"9":{"name":"(anonymous_9)","decl":{"start":{"line":17,"column":31},"end":{"line":17,"column":32}},"loc":{"start":{"line":17,"column":53},"end":{"line":20,"column":13}},"line":17},"10":{"name":"(anonymous_10)","decl":{"start":{"line":18,"column":60},"end":{"line":18,"column":61}},"loc":{"start":{"line":18,"column":74},"end":{"line":18,"column":107}},"line":18},"11":{"name":"(anonymous_11)","decl":{"start":{"line":26,"column":31},"end":{"line":26,"column":32}},"loc":{"start":{"line":26,"column":56},"end":{"line":45,"column":9}},"line":26},"12":{"name":"(anonymous_12)","decl":{"start":{"line":27,"column":31},"end":{"line":27,"column":32}},"loc":{"start":{"line":27,"column":52},"end":{"line":44,"column":14}},"line":27},"13":{"name":"(anonymous_13)","decl":{"start":{"line":27,"column":84},"end":{"line":27,"column":85}},"loc":{"start":{"line":27,"column":97},"end":{"line":44,"column":13}},"line":27},"14":{"name":"(anonymous_14)","decl":{"start":{"line":28,"column":51},"end":{"line":28,"column":52}},"loc":{"start":{"line":28,"column":64},"end":{"line":28,"column":88}},"line":28},"15":{"name":"(anonymous_15)","decl":{"start":{"line":46,"column":31},"end":{"line":46,"column":32}},"loc":{"start":{"line":46,"column":42},"end":{"line":58,"column":9}},"line":46},"16":{"name":"(anonymous_16)","decl":{"start":{"line":47,"column":31},"end":{"line":47,"column":32}},"loc":{"start":{"line":47,"column":53},"end":{"line":57,"column":13}},"line":47},"17":{"name":"(anonymous_17)","decl":{"start":{"line":48,"column":66},"end":{"line":48,"column":67}},"loc":{"start":{"line":48,"column":75},"end":{"line":55,"column":17}},"line":48},"18":{"name":"(anonymous_18)","decl":{"start":{"line":59,"column":29},"end":{"line":59,"column":30}},"loc":{"start":{"line":59,"column":39},"end":{"line":65,"column":10}},"line":59},"19":{"name":"(anonymous_19)","decl":{"start":{"line":59,"column":71},"end":{"line":59,"column":72}},"loc":{"start":{"line":59,"column":84},"end":{"line":65,"column":9}},"line":59},"20":{"name":"(anonymous_20)","decl":{"start":{"line":60,"column":43},"end":{"line":60,"column":44}},"loc":{"start":{"line":60,"column":53},"end":{"line":64,"column":14}},"line":60},"21":{"name":"(anonymous_21)","decl":{"start":{"line":60,"column":85},"end":{"line":60,"column":86}},"loc":{"start":{"line":60,"column":98},"end":{"line":64,"column":13}},"line":60},"22":{"name":"(anonymous_22)","decl":{"start":{"line":66,"column":25},"end":{"line":66,"column":26}},"loc":{"start":{"line":66,"column":31},"end":{"line":77,"column":10}},"line":66},"23":{"name":"(anonymous_23)","decl":{"start":{"line":66,"column":63},"end":{"line":66,"column":64}},"loc":{"start":{"line":66,"column":76},"end":{"line":77,"column":9}},"line":66}},"branchMap":{"0":{"loc":{"start":{"line":2,"column":16},"end":{"line":10,"column":1}},"type":"binary-expr","locations":[{"start":{"line":2,"column":17},"end":{"line":2,"column":21}},{"start":{"line":2,"column":25},"end":{"line":2,"column":39}},{"start":{"line":2,"column":44},"end":{"line":10,"column":1}}],"line":2},"1":{"loc":{"start":{"line":3,"column":35},"end":{"line":3,"column":109}},"type":"cond-expr","locations":[{"start":{"line":3,"column":56},"end":{"line":3,"column":61}},{"start":{"line":3,"column":64},"end":{"line":3,"column":109}}],"line":3},"2":{"loc":{"start":{"line":4,"column":16},"end":{"line":4,"column":34}},"type":"binary-expr","locations":[{"start":{"line":4,"column":16},"end":{"line":4,"column":17}},{"start":{"line":4,"column":22},"end":{"line":4,"column":33}}],"line":4},"3":{"loc":{"start":{"line":7,"column":32},"end":{"line":7,"column":115}},"type":"cond-expr","locations":[{"start":{"line":7,"column":46},"end":{"line":7,"column":67}},{"start":{"line":7,"column":70},"end":{"line":7,"column":115}}],"line":7},"4":{"loc":{"start":{"line":8,"column":51},"end":{"line":8,"column":67}},"type":"binary-expr","locations":[{"start":{"line":8,"column":51},"end":{"line":8,"column":61}},{"start":{"line":8,"column":65},"end":{"line":8,"column":67}}],"line":8},"5":{"loc":{"start":{"line":29,"column":16},"end":{"line":43,"column":17}},"type":"if","locations":[{"start":{"line":29,"column":16},"end":{"line":43,"column":17}},{"start":{"line":29,"column":16},"end":{"line":43,"column":17}}],"line":29},"6":{"loc":{"start":{"line":35,"column":20},"end":{"line":41,"column":21}},"type":"if","locations":[{"start":{"line":35,"column":20},"end":{"line":41,"column":21}},{"start":{"line":35,"column":20},"end":{"line":41,"column":21}}],"line":35},"7":{"loc":{"start":{"line":36,"column":24},"end":{"line":40,"column":107}},"type":"if","locations":[{"start":{"line":36,"column":24},"end":{"line":40,"column":107}},{"start":{"line":36,"column":24},"end":{"line":40,"column":107}}],"line":36},"8":{"loc":{"start":{"line":54,"column":27},"end":{"line":54,"column":103}},"type":"binary-expr","locations":[{"start":{"line":54,"column":28},"end":{"line":54,"column":46}},{"start":{"line":54,"column":50},"end":{"line":54,"column":59}},{"start":{"line":54,"column":63},"end":{"line":54,"column":80}},{"start":{"line":54,"column":85},"end":{"line":54,"column":103}}],"line":54},"9":{"loc":{"start":{"line":56,"column":24},"end":{"line":56,"column":117}},"type":"cond-expr","locations":[{"start":{"line":56,"column":85},"end":{"line":56,"column":91}},{"start":{"line":56,"column":94},"end":{"line":56,"column":117}}],"line":56},"10":{"loc":{"start":{"line":56,"column":24},"end":{"line":56,"column":82}},"type":"binary-expr","locations":[{"start":{"line":56,"column":24},"end":{"line":56,"column":50}},{"start":{"line":56,"column":54},"end":{"line":56,"column":82}}],"line":56}},"s":{"0":1,"1":128,"2":0,"3":83,"4":123,"5":123,"6":0,"7":5,"8":5,"9":5,"10":206,"11":83,"12":1,"13":1,"14":1,"15":2,"16":32,"17":32,"18":111,"19":32,"20":2,"21":35,"22":35,"23":35,"24":153,"25":35,"26":3,"27":32,"28":32,"29":32,"30":20,"31":7,"32":13,"33":32,"34":2,"35":13,"36":13,"37":22,"38":22,"39":13,"40":2,"41":17,"42":17,"43":29,"44":29,"45":29,"46":27,"47":2,"48":2,"49":2,"50":2,"51":11,"52":10,"53":10,"54":1,"55":2,"56":2,"57":2,"58":2,"59":1},"f":{"0":83,"1":128,"2":0,"3":83,"4":123,"5":5,"6":206,"7":2,"8":32,"9":32,"10":111,"11":35,"12":35,"13":35,"14":153,"15":13,"16":13,"17":22,"18":17,"19":17,"20":29,"21":29,"22":2,"23":2},"b":{"0":[1,0,1],"1":[128,0],"2":[83,83],"3":[78,128],"4":[83,83],"5":[3,32],"6":[20,12],"7":[7,13],"8":[22,22,21,10],"9":[0,13],"10":[13,13]},"_coverageSchema":"1a1c01bbd47fc00a2c39e90264f33305004495a9","hash":"f0827984de1bad328c933ee57c5ebeea457f88d6"}
,"C:\\Users\\cbouabd\\Desktop\\tech-interview\\level3\\fileManager.js": {"path":"C:\\Users\\cbouabd\\Desktop\\tech-interview\\level3\\fileManager.js","statementMap":{"0":{"start":{"line":2,"column":0},"end":{"line":2,"column":62}},"1":{"start":{"line":3,"column":0},"end":{"line":3,"column":38}},"2":{"start":{"line":4,"column":11},"end":{"line":4,"column":24}},"3":{"start":{"line":5,"column":13},"end":{"line":19,"column":1}},"4":{"start":{"line":6,"column":4},"end":{"line":18,"column":7}},"5":{"start":{"line":7,"column":8},"end":{"line":17,"column":11}},"6":{"start":{"line":8,"column":12},"end":{"line":16,"column":13}},"7":{"start":{"line":9,"column":16},"end":{"line":12,"column":32}},"8":{"start":{"line":10,"column":20},"end":{"line":10,"column":46}},"9":{"start":{"line":12,"column":20},"end":{"line":12,"column":32}},"10":{"start":{"line":15,"column":16},"end":{"line":15,"column":41}},"11":{"start":{"line":20,"column":0},"end":{"line":20,"column":20}},"12":{"start":{"line":21,"column":14},"end":{"line":30,"column":1}},"13":{"start":{"line":22,"column":4},"end":{"line":29,"column":7}},"14":{"start":{"line":23,"column":8},"end":{"line":28,"column":11}},"15":{"start":{"line":24,"column":12},"end":{"line":27,"column":30}},"16":{"start":{"line":25,"column":16},"end":{"line":25,"column":28}},"17":{"start":{"line":27,"column":16},"end":{"line":27,"column":30}},"18":{"start":{"line":31,"column":0},"end":{"line":31,"column":22}}},"fnMap":{"0":{"name":"(anonymous_0)","decl":{"start":{"line":5,"column":13},"end":{"line":5,"column":14}},"loc":{"start":{"line":5,"column":27},"end":{"line":19,"column":1}},"line":5},"1":{"name":"(anonymous_1)","decl":{"start":{"line":6,"column":23},"end":{"line":6,"column":24}},"loc":{"start":{"line":6,"column":44},"end":{"line":18,"column":5}},"line":6},"2":{"name":"(anonymous_2)","decl":{"start":{"line":7,"column":30},"end":{"line":7,"column":31}},"loc":{"start":{"line":7,"column":45},"end":{"line":17,"column":9}},"line":7},"3":{"name":"(anonymous_3)","decl":{"start":{"line":21,"column":14},"end":{"line":21,"column":15}},"loc":{"start":{"line":21,"column":34},"end":{"line":30,"column":1}},"line":21},"4":{"name":"(anonymous_4)","decl":{"start":{"line":22,"column":23},"end":{"line":22,"column":24}},"loc":{"start":{"line":22,"column":44},"end":{"line":29,"column":5}},"line":22},"5":{"name":"(anonymous_5)","decl":{"start":{"line":23,"column":45},"end":{"line":23,"column":46}},"loc":{"start":{"line":23,"column":54},"end":{"line":28,"column":9}},"line":23}},"branchMap":{"0":{"loc":{"start":{"line":8,"column":12},"end":{"line":16,"column":13}},"type":"if","locations":[{"start":{"line":8,"column":12},"end":{"line":16,"column":13}},{"start":{"line":8,"column":12},"end":{"line":16,"column":13}}],"line":8},"1":{"loc":{"start":{"line":9,"column":16},"end":{"line":12,"column":32}},"type":"if","locations":[{"start":{"line":9,"column":16},"end":{"line":12,"column":32}},{"start":{"line":9,"column":16},"end":{"line":12,"column":32}}],"line":9},"2":{"loc":{"start":{"line":24,"column":12},"end":{"line":27,"column":30}},"type":"if","locations":[{"start":{"line":24,"column":12},"end":{"line":27,"column":30}},{"start":{"line":24,"column":12},"end":{"line":27,"column":30}}],"line":24}},"s":{"0":1,"1":1,"2":1,"3":1,"4":2,"5":2,"6":2,"7":1,"8":1,"9":0,"10":1,"11":1,"12":1,"13":1,"14":1,"15":1,"16":0,"17":1,"18":1},"f":{"0":2,"1":2,"2":2,"3":1,"4":1,"5":1},"b":{"0":[1,1],"1":[1,0],"2":[0,1]},"_coverageSchema":"1a1c01bbd47fc00a2c39e90264f33305004495a9","hash":"67c7167d881c7329e6034f4f32793ec6b176ba7e"}
,"C:\\Users\\cbouabd\\Desktop\\tech-interview\\level3\\types.js": {"path":"C:\\Users\\cbouabd\\Desktop\\tech-interview\\level3\\types.js","statementMap":{"0":{"start":{"line":2,"column":0},"end":{"line":2,"column":62}},"1":{"start":{"line":3,"column":0},"end":{"line":3,"column":34}},"2":{"start":{"line":5,"column":0},"end":{"line":8,"column":83}},"3":{"start":{"line":6,"column":4},"end":{"line":6,"column":42}},"4":{"start":{"line":7,"column":4},"end":{"line":7,"column":50}}},"fnMap":{"0":{"name":"(anonymous_0)","decl":{"start":{"line":5,"column":1},"end":{"line":5,"column":2}},"loc":{"start":{"line":5,"column":29},"end":{"line":8,"column":1}},"line":5}},"branchMap":{"0":{"loc":{"start":{"line":8,"column":22},"end":{"line":8,"column":81}},"type":"binary-expr","locations":[{"start":{"line":8,"column":22},"end":{"line":8,"column":46}},{"start":{"line":8,"column":51},"end":{"line":8,"column":80}}],"line":8}},"s":{"0":1,"1":1,"2":1,"3":1,"4":1},"f":{"0":1},"b":{"0":[1,1]},"_coverageSchema":"1a1c01bbd47fc00a2c39e90264f33305004495a9","hash":"2f9e5041c6d3d0a98d42d2f712777c52114723ea"}
}
