{"C:\\Users\\cbouabd\\Desktop\\tech-interview\\level3\\cartManager.js": {"path":"C:\\Users\\cbouabd\\Desktop\\tech-interview\\level3\\cartManager.js","statementMap":{"0":{"start":{"line":2,"column":16},"end":{"line":10,"column":1}},"1":{"start":{"line":3,"column":28},"end":{"line":3,"column":110}},"2":{"start":{"line":3,"column":91},"end":{"line":3,"column":106}},"3":{"start":{"line":4,"column":4},"end":{"line":9,"column":7}},"4":{"start":{"line":5,"column":36},"end":{"line":5,"column":97}},"5":{"start":{"line":5,"column":42},"end":{"line":5,"column":70}},"6":{"start":{"line":5,"column":85},"end":{"line":5,"column":95}},"7":{"start":{"line":6,"column":35},"end":{"line":6,"column":100}},"8":{"start":{"line":6,"column":41},"end":{"line":6,"column":73}},"9":{"start":{"line":6,"column":88},"end":{"line":6,"column":98}},"10":{"start":{"line":7,"column":32},"end":{"line":7,"column":116}},"11":{"start":{"line":8,"column":8},"end":{"line":8,"column":78}},"12":{"start":{"line":11,"column":0},"end":{"line":11,"column":62}},"13":{"start":{"line":12,"column":0},"end":{"line":12,"column":136}},"14":{"start":{"line":13,"column":16},"end":{"line":13,"column":34}},"15":{"start":{"line":14,"column":27},"end":{"line":19,"column":1}},"16":{"start":{"line":15,"column":4},"end":{"line":18,"column":7}},"17":{"start":{"line":16,"column":32},"end":{"line":16,"column":95}},"18":{"start":{"line":16,"column":61},"end":{"line":16,"column":94}},"19":{"start":{"line":17,"column":8},"end":{"line":17,"column":33}},"20":{"start":{"line":20,"column":0},"end":{"line":20,"column":48}},"21":{"start":{"line":25,"column":24},"end":{"line":44,"column":1}},"22":{"start":{"line":26,"column":4},"end":{"line":43,"column":8}},"23":{"start":{"line":26,"column":44},"end":{"line":43,"column":6}},"24":{"start":{"line":27,"column":24},"end":{"line":27,"column":76}},"25":{"start":{"line":27,"column":51},"end":{"line":27,"column":75}},"26":{"start":{"line":28,"column":8},"end":{"line":42,"column":9}},"27":{"start":{"line":29,"column":12},"end":{"line":29,"column":69}},"28":{"start":{"line":32,"column":29},"end":{"line":32,"column":89}},"29":{"start":{"line":33,"column":31},"end":{"line":33,"column":44}},"30":{"start":{"line":34,"column":12},"end":{"line":40,"column":13}},"31":{"start":{"line":35,"column":16},"end":{"line":39,"column":99}},"32":{"start":{"line":36,"column":20},"end":{"line":36,"column":51}},"33":{"start":{"line":39,"column":20},"end":{"line":39,"column":99}},"34":{"start":{"line":41,"column":12},"end":{"line":41,"column":45}},"35":{"start":{"line":45,"column":0},"end":{"line":45,"column":42}},"36":{"start":{"line":46,"column":24},"end":{"line":58,"column":1}},"37":{"start":{"line":47,"column":4},"end":{"line":57,"column":7}},"38":{"start":{"line":48,"column":34},"end":{"line":55,"column":10}},"39":{"start":{"line":49,"column":45},"end":{"line":49,"column":76}},"40":{"start":{"line":54,"column":12},"end":{"line":54,"column":96}},"41":{"start":{"line":56,"column":8},"end":{"line":56,"column":111}},"42":{"start":{"line":59,"column":0},"end":{"line":59,"column":42}},"43":{"start":{"line":60,"column":22},"end":{"line":66,"column":2}},"44":{"start":{"line":60,"column":53},"end":{"line":66,"column":2}},"45":{"start":{"line":61,"column":4},"end":{"line":65,"column":28}},"46":{"start":{"line":61,"column":45},"end":{"line":65,"column":6}},"47":{"start":{"line":62,"column":21},"end":{"line":62,"column":28}},"48":{"start":{"line":63,"column":21},"end":{"line":63,"column":102}},"49":{"start":{"line":64,"column":8},"end":{"line":64,"column":27}},"50":{"start":{"line":67,"column":0},"end":{"line":67,"column":38}},"51":{"start":{"line":68,"column":22},"end":{"line":80,"column":2}},"52":{"start":{"line":68,"column":32},"end":{"line":80,"column":2}},"53":{"start":{"line":69,"column":58},"end":{"line":69,"column":62}},"54":{"start":{"line":70,"column":27},"end":{"line":70,"column":40}},"55":{"start":{"line":71,"column":4},"end":{"line":78,"column":5}},"56":{"start":{"line":72,"column":27},"end":{"line":72,"column":86}},"57":{"start":{"line":73,"column":29},"end":{"line":73,"column":90}},"58":{"start":{"line":74,"column":8},"end":{"line":77,"column":11}},"59":{"start":{"line":79,"column":4},"end":{"line":79,"column":26}},"60":{"start":{"line":81,"column":0},"end":{"line":81,"column":38}}},"fnMap":{"0":{"name":"(anonymous_0)","decl":{"start":{"line":2,"column":44},"end":{"line":2,"column":45}},"loc":{"start":{"line":2,"column":89},"end":{"line":10,"column":1}},"line":2},"1":{"name":"adopt","decl":{"start":{"line":3,"column":13},"end":{"line":3,"column":18}},"loc":{"start":{"line":3,"column":26},"end":{"line":3,"column":112}},"line":3},"2":{"name":"(anonymous_2)","decl":{"start":{"line":3,"column":70},"end":{"line":3,"column":71}},"loc":{"start":{"line":3,"column":89},"end":{"line":3,"column":108}},"line":3},"3":{"name":"(anonymous_3)","decl":{"start":{"line":4,"column":36},"end":{"line":4,"column":37}},"loc":{"start":{"line":4,"column":63},"end":{"line":9,"column":5}},"line":4},"4":{"name":"fulfilled","decl":{"start":{"line":5,"column":17},"end":{"line":5,"column":26}},"loc":{"start":{"line":5,"column":34},"end":{"line":5,"column":99}},"line":5},"5":{"name":"rejected","decl":{"start":{"line":6,"column":17},"end":{"line":6,"column":25}},"loc":{"start":{"line":6,"column":33},"end":{"line":6,"column":102}},"line":6},"6":{"name":"step","decl":{"start":{"line":7,"column":17},"end":{"line":7,"column":21}},"loc":{"start":{"line":7,"column":30},"end":{"line":7,"column":118}},"line":7},"7":{"name":"(anonymous_7)","decl":{"start":{"line":14,"column":27},"end":{"line":14,"column":28}},"loc":{"start":{"line":14,"column":53},"end":{"line":19,"column":1}},"line":14},"8":{"name":"(anonymous_8)","decl":{"start":{"line":15,"column":23},"end":{"line":15,"column":24}},"loc":{"start":{"line":15,"column":45},"end":{"line":18,"column":5}},"line":15},"9":{"name":"(anonymous_9)","decl":{"start":{"line":16,"column":47},"end":{"line":16,"column":48}},"loc":{"start":{"line":16,"column":61},"end":{"line":16,"column":94}},"line":16},"10":{"name":"(anonymous_10)","decl":{"start":{"line":25,"column":24},"end":{"line":25,"column":25}},"loc":{"start":{"line":25,"column":70},"end":{"line":44,"column":1}},"line":25},"11":{"name":"(anonymous_11)","decl":{"start":{"line":26,"column":23},"end":{"line":26,"column":24}},"loc":{"start":{"line":26,"column":44},"end":{"line":43,"column":6}},"line":26},"12":{"name":"(anonymous_12)","decl":{"start":{"line":26,"column":78},"end":{"line":26,"column":79}},"loc":{"start":{"line":26,"column":91},"end":{"line":43,"column":5}},"line":26},"13":{"name":"(anonymous_13)","decl":{"start":{"line":27,"column":38},"end":{"line":27,"column":39}},"loc":{"start":{"line":27,"column":51},"end":{"line":27,"column":75}},"line":27},"14":{"name":"(anonymous_14)","decl":{"start":{"line":46,"column":24},"end":{"line":46,"column":25}},"loc":{"start":{"line":46,"column":49},"end":{"line":58,"column":1}},"line":46},"15":{"name":"(anonymous_15)","decl":{"start":{"line":47,"column":23},"end":{"line":47,"column":24}},"loc":{"start":{"line":47,"column":45},"end":{"line":57,"column":5}},"line":47},"16":{"name":"(anonymous_16)","decl":{"start":{"line":48,"column":57},"end":{"line":48,"column":58}},"loc":{"start":{"line":48,"column":66},"end":{"line":55,"column":9}},"line":48},"17":{"name":"(anonymous_17)","decl":{"start":{"line":60,"column":22},"end":{"line":60,"column":23}},"loc":{"start":{"line":60,"column":53},"end":{"line":66,"column":2}},"line":60},"18":{"name":"(anonymous_18)","decl":{"start":{"line":60,"column":87},"end":{"line":60,"column":88}},"loc":{"start":{"line":60,"column":100},"end":{"line":66,"column":1}},"line":60},"19":{"name":"(anonymous_19)","decl":{"start":{"line":61,"column":35},"end":{"line":61,"column":36}},"loc":{"start":{"line":61,"column":45},"end":{"line":65,"column":6}},"line":61},"20":{"name":"(anonymous_20)","decl":{"start":{"line":61,"column":79},"end":{"line":61,"column":80}},"loc":{"start":{"line":61,"column":92},"end":{"line":65,"column":5}},"line":61},"21":{"name":"(anonymous_21)","decl":{"start":{"line":68,"column":22},"end":{"line":68,"column":23}},"loc":{"start":{"line":68,"column":32},"end":{"line":80,"column":2}},"line":68},"22":{"name":"(anonymous_22)","decl":{"start":{"line":68,"column":66},"end":{"line":68,"column":67}},"loc":{"start":{"line":68,"column":79},"end":{"line":80,"column":1}},"line":68}},"branchMap":{"0":{"loc":{"start":{"line":2,"column":16},"end":{"line":10,"column":1}},"type":"binary-expr","locations":[{"start":{"line":2,"column":17},"end":{"line":2,"column":21}},{"start":{"line":2,"column":25},"end":{"line":2,"column":39}},{"start":{"line":2,"column":44},"end":{"line":10,"column":1}}],"line":2},"1":{"loc":{"start":{"line":3,"column":35},"end":{"line":3,"column":109}},"type":"cond-expr","locations":[{"start":{"line":3,"column":56},"end":{"line":3,"column":61}},{"start":{"line":3,"column":64},"end":{"line":3,"column":109}}],"line":3},"2":{"loc":{"start":{"line":4,"column":16},"end":{"line":4,"column":34}},"type":"binary-expr","locations":[{"start":{"line":4,"column":16},"end":{"line":4,"column":17}},{"start":{"line":4,"column":22},"end":{"line":4,"column":33}}],"line":4},"3":{"loc":{"start":{"line":7,"column":32},"end":{"line":7,"column":115}},"type":"cond-expr","locations":[{"start":{"line":7,"column":46},"end":{"line":7,"column":67}},{"start":{"line":7,"column":70},"end":{"line":7,"column":115}}],"line":7},"4":{"loc":{"start":{"line":8,"column":51},"end":{"line":8,"column":67}},"type":"binary-expr","locations":[{"start":{"line":8,"column":51},"end":{"line":8,"column":61}},{"start":{"line":8,"column":65},"end":{"line":8,"column":67}}],"line":8},"5":{"loc":{"start":{"line":28,"column":8},"end":{"line":42,"column":9}},"type":"if","locations":[{"start":{"line":28,"column":8},"end":{"line":42,"column":9}},{"start":{"line":28,"column":8},"end":{"line":42,"column":9}}],"line":28},"6":{"loc":{"start":{"line":34,"column":12},"end":{"line":40,"column":13}},"type":"if","locations":[{"start":{"line":34,"column":12},"end":{"line":40,"column":13}},{"start":{"line":34,"column":12},"end":{"line":40,"column":13}}],"line":34},"7":{"loc":{"start":{"line":35,"column":16},"end":{"line":39,"column":99}},"type":"if","locations":[{"start":{"line":35,"column":16},"end":{"line":39,"column":99}},{"start":{"line":35,"column":16},"end":{"line":39,"column":99}}],"line":35},"8":{"loc":{"start":{"line":54,"column":19},"end":{"line":54,"column":95}},"type":"binary-expr","locations":[{"start":{"line":54,"column":20},"end":{"line":54,"column":38}},{"start":{"line":54,"column":42},"end":{"line":54,"column":51}},{"start":{"line":54,"column":55},"end":{"line":54,"column":72}},{"start":{"line":54,"column":77},"end":{"line":54,"column":95}}],"line":54},"9":{"loc":{"start":{"line":56,"column":16},"end":{"line":56,"column":109}},"type":"cond-expr","locations":[{"start":{"line":56,"column":77},"end":{"line":56,"column":83}},{"start":{"line":56,"column":86},"end":{"line":56,"column":109}}],"line":56},"10":{"loc":{"start":{"line":56,"column":16},"end":{"line":56,"column":74}},"type":"binary-expr","locations":[{"start":{"line":56,"column":16},"end":{"line":56,"column":42}},{"start":{"line":56,"column":46},"end":{"line":56,"column":74}}],"line":56}},"s":{"0":1,"1":128,"2":0,"3":83,"4":123,"5":123,"6":0,"7":5,"8":5,"9":5,"10":206,"11":83,"12":1,"13":1,"14":1,"15":1,"16":32,"17":32,"18":111,"19":32,"20":1,"21":1,"22":35,"23":35,"24":35,"25":153,"26":35,"27":3,"28":32,"29":32,"30":32,"31":20,"32":7,"33":13,"34":32,"35":1,"36":1,"37":13,"38":13,"39":22,"40":22,"41":13,"42":1,"43":1,"44":17,"45":17,"46":29,"47":29,"48":29,"49":27,"50":1,"51":1,"52":2,"53":2,"54":2,"55":2,"56":11,"57":10,"58":10,"59":1,"60":1},"f":{"0":83,"1":128,"2":0,"3":83,"4":123,"5":5,"6":206,"7":32,"8":32,"9":111,"10":35,"11":35,"12":35,"13":153,"14":13,"15":13,"16":22,"17":17,"18":17,"19":29,"20":29,"21":2,"22":2},"b":{"0":[1,0,1],"1":[128,0],"2":[83,83],"3":[78,128],"4":[83,83],"5":[3,32],"6":[20,12],"7":[7,13],"8":[22,22,21,10],"9":[0,13],"10":[13,13]},"_coverageSchema":"1a1c01bbd47fc00a2c39e90264f33305004495a9","hash":"9ec2a0a273063479f47fcd7731123773ce88af76"}
,"C:\\Users\\cbouabd\\Desktop\\tech-interview\\level3\\fileManager.js": {"path":"C:\\Users\\cbouabd\\Desktop\\tech-interview\\level3\\fileManager.js","statementMap":{"0":{"start":{"line":2,"column":0},"end":{"line":2,"column":62}},"1":{"start":{"line":3,"column":0},"end":{"line":3,"column":38}},"2":{"start":{"line":4,"column":11},"end":{"line":4,"column":24}},"3":{"start":{"line":5,"column":13},"end":{"line":19,"column":1}},"4":{"start":{"line":6,"column":4},"end":{"line":18,"column":7}},"5":{"start":{"line":7,"column":8},"end":{"line":17,"column":11}},"6":{"start":{"line":8,"column":12},"end":{"line":16,"column":13}},"7":{"start":{"line":9,"column":16},"end":{"line":12,"column":32}},"8":{"start":{"line":10,"column":20},"end":{"line":10,"column":46}},"9":{"start":{"line":12,"column":20},"end":{"line":12,"column":32}},"10":{"start":{"line":15,"column":16},"end":{"line":15,"column":41}},"11":{"start":{"line":20,"column":0},"end":{"line":20,"column":20}},"12":{"start":{"line":21,"column":14},"end":{"line":30,"column":1}},"13":{"start":{"line":22,"column":4},"end":{"line":29,"column":7}},"14":{"start":{"line":23,"column":8},"end":{"line":28,"column":11}},"15":{"start":{"line":24,"column":12},"end":{"line":27,"column":30}},"16":{"start":{"line":25,"column":16},"end":{"line":25,"column":28}},"17":{"start":{"line":27,"column":16},"end":{"line":27,"column":30}},"18":{"start":{"line":31,"column":0},"end":{"line":31,"column":22}}},"fnMap":{"0":{"name":"(anonymous_0)","decl":{"start":{"line":5,"column":13},"end":{"line":5,"column":14}},"loc":{"start":{"line":5,"column":27},"end":{"line":19,"column":1}},"line":5},"1":{"name":"(anonymous_1)","decl":{"start":{"line":6,"column":23},"end":{"line":6,"column":24}},"loc":{"start":{"line":6,"column":44},"end":{"line":18,"column":5}},"line":6},"2":{"name":"(anonymous_2)","decl":{"start":{"line":7,"column":30},"end":{"line":7,"column":31}},"loc":{"start":{"line":7,"column":45},"end":{"line":17,"column":9}},"line":7},"3":{"name":"(anonymous_3)","decl":{"start":{"line":21,"column":14},"end":{"line":21,"column":15}},"loc":{"start":{"line":21,"column":34},"end":{"line":30,"column":1}},"line":21},"4":{"name":"(anonymous_4)","decl":{"start":{"line":22,"column":23},"end":{"line":22,"column":24}},"loc":{"start":{"line":22,"column":44},"end":{"line":29,"column":5}},"line":22},"5":{"name":"(anonymous_5)","decl":{"start":{"line":23,"column":45},"end":{"line":23,"column":46}},"loc":{"start":{"line":23,"column":54},"end":{"line":28,"column":9}},"line":23}},"branchMap":{"0":{"loc":{"start":{"line":8,"column":12},"end":{"line":16,"column":13}},"type":"if","locations":[{"start":{"line":8,"column":12},"end":{"line":16,"column":13}},{"start":{"line":8,"column":12},"end":{"line":16,"column":13}}],"line":8},"1":{"loc":{"start":{"line":9,"column":16},"end":{"line":12,"column":32}},"type":"if","locations":[{"start":{"line":9,"column":16},"end":{"line":12,"column":32}},{"start":{"line":9,"column":16},"end":{"line":12,"column":32}}],"line":9},"2":{"loc":{"start":{"line":24,"column":12},"end":{"line":27,"column":30}},"type":"if","locations":[{"start":{"line":24,"column":12},"end":{"line":27,"column":30}},{"start":{"line":24,"column":12},"end":{"line":27,"column":30}}],"line":24}},"s":{"0":1,"1":1,"2":1,"3":1,"4":2,"5":2,"6":2,"7":1,"8":1,"9":0,"10":1,"11":1,"12":1,"13":1,"14":1,"15":1,"16":0,"17":1,"18":1},"f":{"0":2,"1":2,"2":2,"3":1,"4":1,"5":1},"b":{"0":[1,1],"1":[1,0],"2":[0,1]},"_coverageSchema":"1a1c01bbd47fc00a2c39e90264f33305004495a9","hash":"67c7167d881c7329e6034f4f32793ec6b176ba7e"}
,"C:\\Users\\cbouabd\\Desktop\\tech-interview\\level3\\types.js": {"path":"C:\\Users\\cbouabd\\Desktop\\tech-interview\\level3\\types.js","statementMap":{"0":{"start":{"line":2,"column":0},"end":{"line":2,"column":62}},"1":{"start":{"line":3,"column":0},"end":{"line":3,"column":34}},"2":{"start":{"line":5,"column":0},"end":{"line":8,"column":83}},"3":{"start":{"line":6,"column":4},"end":{"line":6,"column":42}},"4":{"start":{"line":7,"column":4},"end":{"line":7,"column":50}}},"fnMap":{"0":{"name":"(anonymous_0)","decl":{"start":{"line":5,"column":1},"end":{"line":5,"column":2}},"loc":{"start":{"line":5,"column":29},"end":{"line":8,"column":1}},"line":5}},"branchMap":{"0":{"loc":{"start":{"line":8,"column":22},"end":{"line":8,"column":81}},"type":"binary-expr","locations":[{"start":{"line":8,"column":22},"end":{"line":8,"column":46}},{"start":{"line":8,"column":51},"end":{"line":8,"column":80}}],"line":8}},"s":{"0":1,"1":1,"2":1,"3":1,"4":1},"f":{"0":1},"b":{"0":[1,1]},"_coverageSchema":"1a1c01bbd47fc00a2c39e90264f33305004495a9","hash":"2f9e5041c6d3d0a98d42d2f712777c52114723ea"}
}
