TN:
SF:cartManager.js
FN:2,(anonymous_0)
FN:3,adopt
FN:3,(anonymous_2)
FN:4,(anonymous_3)
FN:5,fulfilled
FN:6,rejected
FN:7,step
FN:14,(anonymous_7)
FN:15,(anonymous_8)
FN:16,(anonymous_9)
FN:25,(anonymous_10)
FN:26,(anonymous_11)
FN:26,(anonymous_12)
FN:27,(anonymous_13)
FN:46,(anonymous_14)
FN:47,(anonymous_15)
FN:48,(anonymous_16)
FN:60,(anonymous_17)
FN:60,(anonymous_18)
FN:61,(anonymous_19)
FN:61,(anonymous_20)
FN:68,(anonymous_21)
FN:68,(anonymous_22)
FNF:23
FNH:22
FNDA:83,(anonymous_0)
FNDA:128,adopt
FNDA:0,(anonymous_2)
FNDA:83,(anonymous_3)
FNDA:123,fulfilled
FNDA:5,rejected
FNDA:206,step
FNDA:32,(anonymous_7)
FNDA:32,(anonymous_8)
FNDA:111,(anonymous_9)
FNDA:35,(anonymous_10)
FNDA:35,(anonymous_11)
FNDA:35,(anonymous_12)
FNDA:153,(anonymous_13)
FNDA:13,(anonymous_14)
FNDA:13,(anonymous_15)
FNDA:22,(anonymous_16)
FNDA:17,(anonymous_17)
FNDA:17,(anonymous_18)
FNDA:29,(anonymous_19)
FNDA:29,(anonymous_20)
FNDA:2,(anonymous_21)
FNDA:2,(anonymous_22)
DA:2,1
DA:3,128
DA:4,83
DA:5,123
DA:6,5
DA:7,206
DA:8,83
DA:11,1
DA:12,1
DA:13,1
DA:14,1
DA:15,32
DA:16,111
DA:17,32
DA:20,1
DA:25,1
DA:26,35
DA:27,153
DA:28,35
DA:29,3
DA:32,32
DA:33,32
DA:34,32
DA:35,20
DA:36,7
DA:39,13
DA:41,32
DA:45,1
DA:46,1
DA:47,13
DA:48,13
DA:49,22
DA:54,22
DA:56,13
DA:59,1
DA:60,17
DA:61,29
DA:62,29
DA:63,29
DA:64,27
DA:67,1
DA:68,2
DA:69,2
DA:70,2
DA:71,2
DA:72,11
DA:73,10
DA:74,10
DA:79,1
DA:81,1
LF:50
LH:50
BRDA:2,0,0,1
BRDA:2,0,1,0
BRDA:2,0,2,1
BRDA:3,1,0,128
BRDA:3,1,1,0
BRDA:4,2,0,83
BRDA:4,2,1,83
BRDA:7,3,0,78
BRDA:7,3,1,128
BRDA:8,4,0,83
BRDA:8,4,1,83
BRDA:28,5,0,3
BRDA:28,5,1,32
BRDA:34,6,0,20
BRDA:34,6,1,12
BRDA:35,7,0,7
BRDA:35,7,1,13
BRDA:54,8,0,22
BRDA:54,8,1,22
BRDA:54,8,2,21
BRDA:54,8,3,10
BRDA:56,9,0,0
BRDA:56,9,1,13
BRDA:56,10,0,13
BRDA:56,10,1,13
BRF:25
BRH:22
end_of_record
TN:
SF:fileManager.js
FN:5,(anonymous_0)
FN:6,(anonymous_1)
FN:7,(anonymous_2)
FN:21,(anonymous_3)
FN:22,(anonymous_4)
FN:23,(anonymous_5)
FNF:6
FNH:6
FNDA:2,(anonymous_0)
FNDA:2,(anonymous_1)
FNDA:2,(anonymous_2)
FNDA:1,(anonymous_3)
FNDA:1,(anonymous_4)
FNDA:1,(anonymous_5)
DA:2,1
DA:3,1
DA:4,1
DA:5,1
DA:6,2
DA:7,2
DA:8,2
DA:9,1
DA:10,1
DA:12,0
DA:15,1
DA:20,1
DA:21,1
DA:22,1
DA:23,1
DA:24,1
DA:25,0
DA:27,1
DA:31,1
LF:19
LH:17
BRDA:8,0,0,1
BRDA:8,0,1,1
BRDA:9,1,0,1
BRDA:9,1,1,0
BRDA:24,2,0,0
BRDA:24,2,1,1
BRF:6
BRH:4
end_of_record
TN:
SF:types.js
FN:5,(anonymous_0)
FNF:1
FNH:1
FNDA:1,(anonymous_0)
DA:2,1
DA:3,1
DA:5,1
DA:6,1
DA:7,1
LF:5
LH:5
BRDA:8,0,0,1
BRDA:8,0,1,1
BRF:2
BRH:2
end_of_record
